17:20:34.963 INFO  [restartedMain]com.example.quiz_1141121.Quiz1141121Application - Starting Quiz1141121Application using Java 21.0.10 with PID 44660 (C:\Users\USER\Desktop\JAVA\quiz_1141121\bin\main started by USER in C:\Users\USER\Desktop\JAVA\quiz_1141121)
17:20:34.966 INFO  [restartedMain]com.example.quiz_1141121.Quiz1141121Application - No active profile set, falling back to 1 default profile: "default"
17:20:35.013 INFO  [restartedMain]o.s.b.d.env.DevToolsPropertyDefaultsPostProcessor - Devtools property defaults active! Set 'spring.devtools.add-properties' to 'false' to disable
17:20:35.015 INFO  [restartedMain]o.s.b.d.env.DevToolsPropertyDefaultsPostProcessor - For additional web related logging consider setting the 'logging.level.web' property to 'DEBUG'
17:20:35.282 INFO  [background-preinit]org.hibernate.validator.internal.util.Version - HV000001: Hibernate Validator 9.0.1.Final
17:20:35.865 INFO  [restartedMain]o.s.d.r.config.RepositoryConfigurationDelegate - Bootstrapping Spring Data JPA repositories in DEFAULT mode.
17:20:35.925 INFO  [restartedMain]o.s.d.r.config.RepositoryConfigurationDelegate - Finished Spring Data repository scanning in 49 ms. Found 4 JPA repository interfaces.
17:20:36.569 INFO  [restartedMain]org.springframework.boot.tomcat.TomcatWebServer - Tomcat initialized with port 8080 (http)
17:20:36.584 INFO  [restartedMain]org.apache.coyote.http11.Http11NioProtocol - Initializing ProtocolHandler ["http-nio-8080"]
17:20:36.586 INFO  [restartedMain]org.apache.catalina.core.StandardService - Starting service [Tomcat]
17:20:36.586 INFO  [restartedMain]org.apache.catalina.core.StandardEngine - Starting Servlet engine: [Apache Tomcat/11.0.15]
17:20:36.644 INFO  [restartedMain]o.s.b.w.c.servlet.WebApplicationContextInitializer - Root WebApplicationContext: initialization completed in 1628 ms
17:20:36.816 INFO  [restartedMain]com.zaxxer.hikari.HikariDataSource - HikariPool-1 - Starting...
17:20:37.006 INFO  [restartedMain]com.zaxxer.hikari.pool.HikariPool - HikariPool-1 - Added connection com.mysql.cj.jdbc.ConnectionImpl@27dd8c76
17:20:37.008 INFO  [restartedMain]com.zaxxer.hikari.HikariDataSource - HikariPool-1 - Start completed.
17:20:37.036 INFO  [restartedMain]org.hibernate.orm.jpa - HHH008540: Processing PersistenceUnitInfo [name: default]
17:20:37.113 INFO  [restartedMain]org.hibernate.orm.core - HHH000001: Hibernate ORM core version 7.2.1.Final
17:20:37.526 INFO  [restartedMain]o.s.o.j.persistenceunit.SpringPersistenceUnitInfo - No LoadTimeWeaver setup: ignoring JPA class transformer
17:20:37.625 INFO  [restartedMain]org.hibernate.orm.connections.pooling - HHH10001005: Database info:
	Database JDBC URL [jdbc:mysql://localhost:3306/quiz_1141121?serverTimezone=GMT%2B8&useSSL=false&rewriteBatchedStatements=true&allowPublicKeyRetrieval=true]
	Database driver: MySQL Connector/J
	Database dialect: MySQLDialect
	Database version: 8.0.45
	Default catalog/schema: quiz_1141121/undefined
	Autocommit mode: undefined/unknown
	Isolation level: REPEATABLE_READ [default REPEATABLE_READ]
	JDBC fetch size: none
	Pool: DataSourceConnectionProvider
	Minimum pool size: undefined/unknown
	Maximum pool size: undefined/unknown
17:20:37.907 WARN  [restartedMain]org.hibernate.orm.core - HHH000038: Composite id class does not override equals(): com.example.quiz_1141121.entity.QuestionId
17:20:37.907 WARN  [restartedMain]org.hibernate.orm.core - HHH000038: Composite id class does not override equals(): com.example.quiz_1141121.entity.FillinId
17:20:38.370 INFO  [restartedMain]org.hibernate.orm.core - HHH000489: No JTA platform available (set 'hibernate.transaction.jta.platform' to enable JTA platform integration)
17:20:38.376 INFO  [restartedMain]o.s.orm.jpa.LocalContainerEntityManagerFactoryBean - Initialized JPA EntityManagerFactory for persistence unit 'default'
17:20:38.480 INFO  [restartedMain]o.s.d.jpa.repository.query.QueryEnhancerFactories - Hibernate is in classpath; If applicable, HQL parser will be used.
17:20:38.972 WARN  [restartedMain]o.s.b.j.a.JpaBaseConfiguration$JpaWebConfiguration - spring.jpa.open-in-view is enabled by default. Therefore, database queries may be performed during view rendering. Explicitly configure spring.jpa.open-in-view to disable this warning
17:20:39.477 INFO  [restartedMain]org.apache.coyote.http11.Http11NioProtocol - Starting ProtocolHandler ["http-nio-8080"]
17:20:39.503 INFO  [restartedMain]org.springframework.boot.tomcat.TomcatWebServer - Tomcat started on port 8080 (http) with context path '/'
17:20:39.512 INFO  [restartedMain]com.example.quiz_1141121.Quiz1141121Application - Started Quiz1141121Application in 4.97 seconds (process running for 5.488)
17:20:39.517 WARN  [restartedMain]org.springdoc.core.events.SpringDocAppInitializer - SpringDoc /v3/api-docs endpoint is enabled by default. To disable it in production, set the property 'springdoc.api-docs.enabled=false'
17:20:39.517 WARN  [restartedMain]org.springdoc.core.events.SpringDocAppInitializer - SpringDoc /swagger-ui.html endpoint is enabled by default. To disable it in production, set the property 'springdoc.swagger-ui.enabled=false'
17:20:44.365 INFO  [http-nio-8080-exec-1]o.a.c.core.ContainerBase.[Tomcat].[localhost].[/] - Initializing Spring DispatcherServlet 'dispatcherServlet'
17:20:44.368 INFO  [http-nio-8080-exec-1]org.springframework.web.servlet.DispatcherServlet - Initializing Servlet 'dispatcherServlet'
17:20:44.368 INFO  [http-nio-8080-exec-1]org.springframework.web.servlet.DispatcherServlet - Completed initialization in 0 ms
