09:44:38.009 INFO  [restartedMain]com.example.quiz_1141121.Quiz1141121Application - Starting Quiz1141121Application using Java 21.0.10 with PID 32704 (C:\Users\USER\Desktop\JAVA\quiz_1141121\bin\main started by USER in C:\Users\USER\Desktop\JAVA\quiz_1141121)
09:44:38.009 INFO  [restartedMain]com.example.quiz_1141121.Quiz1141121Application - No active profile set, falling back to 1 default profile: "default"
09:44:38.170 INFO  [restartedMain]o.s.d.r.config.RepositoryConfigurationDelegate - Bootstrapping Spring Data JPA repositories in DEFAULT mode.
09:44:38.189 INFO  [restartedMain]o.s.d.r.config.RepositoryConfigurationDelegate - Finished Spring Data repository scanning in 18 ms. Found 4 JPA repository interfaces.
09:44:38.264 INFO  [restartedMain]org.springframework.boot.tomcat.TomcatWebServer - Tomcat initialized with port 8080 (http)
09:44:38.264 INFO  [restartedMain]org.apache.catalina.core.StandardService - Starting service [Tomcat]
09:44:38.264 INFO  [restartedMain]org.apache.catalina.core.StandardEngine - Starting Servlet engine: [Apache Tomcat/11.0.15]
09:44:38.288 INFO  [restartedMain]o.s.b.w.c.servlet.WebApplicationContextInitializer - Root WebApplicationContext: initialization completed in 277 ms
09:44:38.316 INFO  [restartedMain]com.zaxxer.hikari.HikariDataSource - HikariPool-2 - Starting...
09:44:38.322 INFO  [restartedMain]com.zaxxer.hikari.pool.HikariPool - HikariPool-2 - Added connection com.mysql.cj.jdbc.ConnectionImpl@59c376c7
09:44:38.322 INFO  [restartedMain]com.zaxxer.hikari.HikariDataSource - HikariPool-2 - Start completed.
09:44:38.323 INFO  [restartedMain]org.hibernate.orm.jpa - HHH008540: Processing PersistenceUnitInfo [name: default]
09:44:38.348 INFO  [restartedMain]o.s.o.j.persistenceunit.SpringPersistenceUnitInfo - No LoadTimeWeaver setup: ignoring JPA class transformer
09:44:38.351 INFO  [restartedMain]org.hibernate.orm.connections.pooling - HHH10001005: Database info:
	Database JDBC URL [jdbc:mysql://localhost:3306/quiz_1141121?serverTimezone=GMT%2B8&useSSL=false&rewriteBatchedStatements=true&allowPublicKeyRetrieval=true]
	Database driver: MySQL Connector/J
	Database dialect: MySQLDialect
	Database version: 8.0.45
	Default catalog/schema: quiz_1141121/undefined
	Autocommit mode: undefined/unknown
	Isolation level: REPEATABLE_READ [default REPEATABLE_READ]
	JDBC fetch size: none
	Pool: DataSourceConnectionProvider
	Minimum pool size: undefined/unknown
	Maximum pool size: undefined/unknown
09:44:38.379 WARN  [restartedMain]org.hibernate.orm.core - HHH000038: Composite id class does not override equals(): com.example.quiz_1141121.entity.QuestionId
09:44:38.380 WARN  [restartedMain]org.hibernate.orm.core - HHH000038: Composite id class does not override equals(): com.example.quiz_1141121.entity.FillinId
09:44:38.425 INFO  [restartedMain]org.hibernate.orm.core - HHH000489: No JTA platform available (set 'hibernate.transaction.jta.platform' to enable JTA platform integration)
09:44:38.426 INFO  [restartedMain]o.s.orm.jpa.LocalContainerEntityManagerFactoryBean - Initialized JPA EntityManagerFactory for persistence unit 'default'
09:44:38.529 WARN  [restartedMain]o.s.b.j.a.JpaBaseConfiguration$JpaWebConfiguration - spring.jpa.open-in-view is enabled by default. Therefore, database queries may be performed during view rendering. Explicitly configure spring.jpa.open-in-view to disable this warning
09:44:38.602 INFO  [restartedMain]org.springframework.boot.tomcat.TomcatWebServer - Tomcat started on port 8080 (http) with context path '/'
09:44:38.607 INFO  [restartedMain]com.example.quiz_1141121.Quiz1141121Application - Started Quiz1141121Application in 0.726 seconds (process running for 536.076)
09:44:38.607 WARN  [restartedMain]org.springdoc.core.events.SpringDocAppInitializer - SpringDoc /v3/api-docs endpoint is enabled by default. To disable it in production, set the property 'springdoc.api-docs.enabled=false'
09:44:38.607 WARN  [restartedMain]org.springdoc.core.events.SpringDocAppInitializer - SpringDoc /swagger-ui.html endpoint is enabled by default. To disable it in production, set the property 'springdoc.swagger-ui.enabled=false'
09:44:38.610 INFO  [restartedMain]o.s.b.d.a.ConditionEvaluationDeltaLoggingListener - Condition evaluation unchanged
